This is e-pTeX, Version 3.1415926-p3.3-110825-2.4 (utf8.euc) (TeX Live 2012/Debian) (format=platex 2014.3.12)  27 OCT 2017 16:56
entering extended mode
 restricted \write18 enabled.
 %&-line parsing enabled.
**report2.tex
(./report2.tex
pLaTeX2e <2006/11/10> (based on LaTeX2e <2011/06/27> patch level 0)
Babel <v3.8m> and hyphenation patterns for english, dumylang, nohyphenation, pi
nyin, loaded.
(/usr/share/texlive/texmf-dist/tex/platex/base/jarticle.cls
Document Class: jarticle 2006/06/27 v1.6 Standard pLaTeX class
\c@@paper=\count81
(/usr/share/texlive/texmf-dist/tex/platex/base/jsize10.clo
File: jsize10.clo 2006/06/27 v1.6 Standard pLaTeX file (size option)
)
\c@part=\count82
\c@section=\count83
\c@subsection=\count84
\c@subsubsection=\count85
\c@paragraph=\count86
\c@subparagraph=\count87
\c@figure=\count88
\c@table=\count89
\abovecaptionskip=\skip41
\belowcaptionskip=\skip42
\symmincho=\mathgroup4
LaTeX Font Info:    Overwriting symbol font `mincho' in version `bold'
(Font)                  JY1/mc/m/n --> JY1/gt/m/n on input line 601.
\toclineskip=\dimen118
\@lnumwidth=\dimen119
\bibindent=\dimen120
\heisei=\count90
)
(/usr/share/texlive/texmf-dist/tex/latex/graphics/graphicx.sty
Package: graphicx 1999/02/16 v1.0f Enhanced LaTeX Graphics (DPC,SPQR)

(/usr/share/texlive/texmf-dist/tex/latex/graphics/keyval.sty
Package: keyval 1999/03/16 v1.13 key=value parser (DPC)
\KV@toks@=\toks15
)
(/usr/share/texlive/texmf-dist/tex/latex/graphics/graphics.sty
Package: graphics 2009/02/05 v1.0o Standard LaTeX Graphics (DPC,SPQR)

(/usr/share/texlive/texmf-dist/tex/latex/graphics/trig.sty
Package: trig 1999/03/16 v1.09 sin cos tan (DPC)
)
(/usr/share/texlive/texmf-dist/tex/latex/latexconfig/graphics.cfg
File: graphics.cfg 2010/04/23 v1.9 graphics configuration of TeX Live
)
Package graphics Info: Driver file: dvips.def on input line 91.

(/usr/share/texlive/texmf-dist/tex/latex/graphics/dvips.def
File: dvips.def 1999/02/16 v3.0i Driver-dependant file (DPC,SPQR)
))
\Gin@req@height=\dimen121
\Gin@req@width=\dimen122
)
(/usr/share/texlive/texmf-dist/tex/platex/base/ascmac.sty
(/usr/share/texlive/texmf-dist/tex/platex/base/tascmac.sty
\@savetbaselineshift=\dimen123
\@saveybaselineshift=\dimen124
\scb@x=\box41
\scscb@x=\box42
\@bw=\dimen125
\@nbox=\box43
\@nbody=\box44
\@scw=\dimen126
\@itemh=\dimen127
\@iboxpos=\toks16
\@iboxstr=\box45
\@bwsp=\box46
\@@bwsp=\box47
\@bcal=\count91
\shaderule=\dimen128
)) (./report2.aux

LaTeX Warning: Label `fig:one' multiply defined.


LaTeX Warning: Label `fig:two' multiply defined.


LaTeX Warning: Label `fig:one' multiply defined.


LaTeX Warning: Label `fig:one' multiply defined.


LaTeX Warning: Label `fig:two' multiply defined.


LaTeX Warning: Label `fig:one' multiply defined.


LaTeX Warning: Label `fig:two' multiply defined.

)
\openout1 = `report2.aux'.

LaTeX Font Info:    Checking defaults for OML/cmm/m/it on input line 6.
LaTeX Font Info:    ... okay on input line 6.
LaTeX Font Info:    Checking defaults for T1/cmr/m/n on input line 6.
LaTeX Font Info:    ... okay on input line 6.
LaTeX Font Info:    Checking defaults for OT1/cmr/m/n on input line 6.
LaTeX Font Info:    ... okay on input line 6.
LaTeX Font Info:    Checking defaults for OMS/cmsy/m/n on input line 6.
LaTeX Font Info:    ... okay on input line 6.
LaTeX Font Info:    Checking defaults for OMX/cmex/m/n on input line 6.
LaTeX Font Info:    ... okay on input line 6.
LaTeX Font Info:    Checking defaults for U/cmr/m/n on input line 6.
LaTeX Font Info:    ... okay on input line 6.
LaTeX Font Info:    Checking defaults for JY1/mc/m/n on input line 6.
LaTeX Font Info:    ... okay on input line 6.
LaTeX Font Info:    Checking defaults for JT1/mc/m/n on input line 6.
LaTeX Font Info:    ... okay on input line 6.
LaTeX Font Info:    Font shape `JT1/mc/bx/n' in size <17.28> not available
(Font)              Font shape `JT1/gt/m/n' tried instead on input line 12.
LaTeX Font Info:    Font shape `JY1/mc/bx/n' in size <17.28> not available
(Font)              Font shape `JY1/gt/m/n' tried instead on input line 12.
LaTeX Font Info:    External font `cmex10' loaded for size
(Font)              <12> on input line 12.
LaTeX Font Info:    External font `cmex10' loaded for size
(Font)              <8> on input line 12.
LaTeX Font Info:    External font `cmex10' loaded for size
(Font)              <6> on input line 12.
 [1

]
LaTeX Font Info:    External font `cmex10' loaded for size
(Font)              <7> on input line 50.
LaTeX Font Info:    External font `cmex10' loaded for size
(Font)              <5> on input line 50.
LaTeX Font Info:    Font shape `JT1/mc/bx/n' in size <14.4> not available
(Font)              Font shape `JT1/gt/m/n' tried instead on input line 52.
LaTeX Font Info:    Font shape `JY1/mc/bx/n' in size <14.4> not available
(Font)              Font shape `JY1/gt/m/n' tried instead on input line 52.
LaTeX Font Info:    Font shape `JT1/mc/bx/n' in size <12> not available
(Font)              Font shape `JT1/gt/m/n' tried instead on input line 53.
LaTeX Font Info:    Font shape `JY1/mc/bx/n' in size <12> not available
(Font)              Font shape `JY1/gt/m/n' tried instead on input line 53.
File: gui.eps Graphic file (type eps)
 <gui.eps> [2] [3]
LaTeX Font Info:    Font shape `JT1/mc/bx/n' in size <10> not available
(Font)              Font shape `JT1/gt/m/n' tried instead on input line 115.
LaTeX Font Info:    Font shape `JY1/mc/bx/n' in size <10> not available
(Font)              Font shape `JY1/gt/m/n' tried instead on input line 115.

Overfull \hbox (1.99634pt too wide) in paragraph at lines 172--172
[]       \OT1/cmtt/m/n/10 .mapToObj(i -> new XYChart.Data<Number, Number>(i * x
Scale, plotData[i]))[] 
 []

[4] [5]
File: wave1.eps Graphic file (type eps)
 <wave1.eps>
File: wave2.eps Graphic file (type eps)
 <wave2.eps>
Overfull \hbox (2.22221pt too wide) in paragraph at lines 189--203
[]$[]$ $[]$ 
 []

[6] [7]
Overfull \hbox (122.74529pt too wide) in paragraph at lines 317--317
[]   \OT1/cmtt/m/n/10 final LineChartWithSpectrogram<Number, Number> chart = ne
w LineChartWithSpectrogram<>(xAxis, yAxis);[] 
 []


Overfull \hbox (28.24611pt too wide) in paragraph at lines 317--317
[]   \OT1/cmtt/m/n/10 double[][] spectrogram = TransformTools.toSpectrogram(wav
e, frameSize, shiftSize);[] 
 []


Overfull \hbox (1.99634pt too wide) in paragraph at lines 317--317
[]   \OT1/cmtt/m/n/10 ChartTools.setYAxisDetails(spectrogramChart, sampleRate*0
.5, sampleRate*0.1);[] 
 []

[8]
File: spec1.eps Graphic file (type eps)
 <spec1.eps>
File: spec2.eps Graphic file (type eps)
 <spec2.eps>
Overfull \hbox (2.22221pt too wide) in paragraph at lines 329--343
[]$[]$ $[]$ 
 []

File: spec3.eps Graphic file (type eps)
<spec3.eps> [9] [10]
Overfull \hbox (17.7462pt too wide) in paragraph at lines 436--436
[]   \OT1/cmtt/m/n/10 double[] pitch = TransformTools.toPitch(wave, sampleRate,
 frameSize, shiftSize);[] 
 []

[11]
File: pitchC.eps Graphic file (type eps)
 <pitchC.eps>
File: oshirasePitch.eps Graphic file (type eps)
 <oshirasePitch.eps>
Overfull \hbox (2.22221pt too wide) in paragraph at lines 446--460
[]$[]$ $[]$ 
 []

[12] [13] [14] [15] [16]
Overfull \hbox (7.24629pt too wide) in paragraph at lines 691--691
[]   \OT1/cmtt/m/n/10 double[] speech = recognizer.toSpeach(wave, sampleRate, f
rameSize, shiftSize);[] 
 []

[17]
File: aiueoaiueo.eps Graphic file (type eps)
 <aiueoaiueo.eps>
File: korehatesutodayo.eps Graphic file (type eps)
 <korehatesutodayo.eps>
Overfull \hbox (2.22221pt too wide) in paragraph at lines 709--723
[]$[]$ $[]$ 
 []

[18] (./report2.aux)

LaTeX Warning: There were multiply-defined labels.

 ) 
Here is how much of TeX's memory you used:
 692 strings out of 495286
 8013 string characters out of 3186620
 64207 words of memory out of 3000000
 4038 multiletter control sequences out of 15000+200000
 14751 words of font info for 58 fonts, out of 3000000 for 9000
 14 hyphenation exceptions out of 8191
 25i,6n,20p,255b,351s stack positions out of 5000i,500n,10000p,200000b,50000s

Output written on report2.dvi (18 pages, 32184 bytes).
